<?xml version="1.0" encoding="UTF-8"?>
<!-- Generated by org.testng.reporters.JUnitReportReporter -->
<testsuite hostname="DESKTOP-9BJ4JH8" failures="0" tests="1" name="com.FltawayAPI.TestRequest_Response" time="0.591" errors="0" timestamp="2024-03-26T15:15:42 NZDT" skipped="0">
  <testcase classname="com.FltawayAPI.TestRequest_Response" name="TestLogin" time="0.591"/>
</testsuite> <!-- com.FltawayAPI.TestRequest_Response -->
