<?xml version="1.0" encoding="UTF-8"?>
<!-- Generated by org.testng.reporters.JUnitReportReporter -->
<testsuite hostname="DESKTOP-9BJ4JH8" failures="0" tests="4" name="UtilitiesExcelReader.LoginData" time="0.006" errors="0" timestamp="2023-12-05T00:26:18 NZDT" skipped="0">
  <testcase classname="UtilitiesExcelReader.LoginData" name="testReadExcelData" time="0.002"/>
  <system-out/>
  <testcase classname="UtilitiesExcelReader.LoginData" name="testReadExcelData" time="0.002"/>
  <system-out/>
  <testcase classname="UtilitiesExcelReader.LoginData" name="testReadExcelData" time="0.001"/>
  <system-out/>
  <testcase classname="UtilitiesExcelReader.LoginData" name="testReadExcelData" time="0.001"/>
  <system-out/>
</testsuite> <!-- UtilitiesExcelReader.LoginData -->
