<?xml version="1.0" encoding="UTF-8"?>
<!-- Generated by org.testng.reporters.JUnitReportReporter -->
<testsuite hostname="DESKTOP-9BJ4JH8" failures="0" tests="1" name="com.flyaway.runner.CucumberRunnerTests" time="32.110" errors="0" timestamp="2024-03-26T15:15:42 NZDT" skipped="0">
  <testcase classname="com.flyaway.runner.CucumberRunnerTests" name="runScenario" time="32.110"/>
</testsuite> <!-- com.flyaway.runner.CucumberRunnerTests -->
