<?xml version="1.0" encoding="UTF-8"?>
<!-- Generated by org.testng.reporters.JUnitReportReporter -->
<testsuite hostname="DESKTOP-9BJ4JH8" failures="0" tests="2" name="com.RestAPI.TestRequest_Response" time="3.319" errors="0" timestamp="2023-12-05T22:25:12 NZDT" skipped="0">
  <testcase classname="com.RestAPI.TestRequest_Response" name="TestLogin" time="2.502"/>
  <testcase classname="com.RestAPI.TestRequest_Response" name="TestLogin" time="0.817"/>
</testsuite> <!-- com.RestAPI.TestRequest_Response -->
