<?xml version="1.0" encoding="UTF-8"?>
<!-- Generated by org.testng.reporters.JUnitReportReporter -->
<testsuite hostname="DESKTOP-9BJ4JH8" failures="0" tests="2" name="com.RestAPI.TestRequest_Response" time="2.746" errors="0" timestamp="2023-12-05T00:26:18 NZDT" skipped="0">
  <testcase classname="com.RestAPI.TestRequest_Response" name="TestLogin" time="0.791"/>
  <system-out/>
  <testcase classname="com.RestAPI.TestRequest_Response" name="TestLogin" time="1.955"/>
  <system-out/>
</testsuite> <!-- com.RestAPI.TestRequest_Response -->
