<?xml version="1.0" encoding="UTF-8"?>
<!-- Generated by org.testng.reporters.JUnitReportReporter -->
<testsuite hostname="DESKTOP-9BJ4JH8" failures="0" tests="1" name="com.swiggy.runner.CucumberRunnerTests" time="49.351" errors="0" timestamp="2023-12-07T22:32:38 NZDT" skipped="0">
  <testcase classname="com.swiggy.runner.CucumberRunnerTests" name="runScenario" time="49.351"/>
</testsuite> <!-- com.swiggy.runner.CucumberRunnerTests -->
