<?xml version="1.0" encoding="UTF-8"?>
<!-- Generated by org.testng.reporters.JUnitReportReporter -->
<testsuite hostname="DESKTOP-9BJ4JH8" failures="0" tests="2" name="com.RestAPI.TestRequest_Response" time="2.329" errors="0" timestamp="2024-03-24T13:26:27 NZDT" skipped="0">
  <testcase classname="com.RestAPI.TestRequest_Response" name="TestLogin" time="0.714"/>
  <testcase classname="com.RestAPI.TestRequest_Response" name="TestLogin" time="1.615"/>
</testsuite> <!-- com.RestAPI.TestRequest_Response -->
