<?xml version="1.0" encoding="UTF-8"?>
<!-- Generated by org.testng.reporters.JUnitReportReporter -->
<testsuite hostname="DESKTOP-9BJ4JH8" failures="0" tests="4" name="UtilitiesExcelReader.LoginData" time="0.004" errors="0" timestamp="2023-12-05T22:25:12 NZDT" skipped="0">
  <testcase classname="UtilitiesExcelReader.LoginData" name="testReadExcelData" time="0.002"/>
  <testcase classname="UtilitiesExcelReader.LoginData" name="testReadExcelData" time="0.000"/>
  <testcase classname="UtilitiesExcelReader.LoginData" name="testReadExcelData" time="0.001"/>
  <testcase classname="UtilitiesExcelReader.LoginData" name="testReadExcelData" time="0.001"/>
</testsuite> <!-- UtilitiesExcelReader.LoginData -->
