<?xml version="1.0" encoding="UTF-8"?>
<!-- Generated by org.testng.reporters.JUnitReportReporter -->
<testsuite hostname="DESKTOP-9BJ4JH8" failures="0" tests="1" name="com.swiggy.runner.CucumberRunnerTests" time="52.950" errors="0" timestamp="2023-12-05T00:26:18 NZDT" skipped="0">
  <testcase classname="com.swiggy.runner.CucumberRunnerTests" name="runScenario" time="52.950"/>
  <system-out/>
</testsuite> <!-- com.swiggy.runner.CucumberRunnerTests -->
