<?xml version="1.0" encoding="UTF-8"?>
<!-- Generated by org.testng.reporters.JUnitReportReporter -->
<testsuite hostname="DESKTOP-9BJ4JH8" failures="0" tests="2" name="RestAPI.TestRequest_Response" time="2.849" errors="0" timestamp="2023-11-19T11:52:07 NZDT" skipped="0">
  <testcase classname="RestAPI.TestRequest_Response" name="TestLogin" time="2.110"/>
  <system-out/>
  <testcase classname="RestAPI.TestRequest_Response" name="TestLogin" time="0.739"/>
  <system-out/>
</testsuite> <!-- RestAPI.TestRequest_Response -->
