<?xml version="1.0" encoding="UTF-8"?>
<!-- Generated by org.testng.reporters.JUnitReportReporter -->
<testsuite hostname="DESKTOP-9BJ4JH8" failures="0" tests="2" name="com.swiggy.runner.CucumberRunnerTests" time="16.795" errors="0" timestamp="2023-11-19T12:36:47 NZDT" skipped="0">
  <testcase classname="com.swiggy.runner.CucumberRunnerTests" name="runScenario" time="9.525"/>
  <system-out/>
  <testcase classname="com.swiggy.runner.CucumberRunnerTests" name="runScenario" time="7.270"/>
  <system-out/>
</testsuite> <!-- com.swiggy.runner.CucumberRunnerTests -->
