<?xml version="1.0" encoding="UTF-8"?>
<!-- Generated by org.testng.reporters.JUnitReportReporter -->
<testsuite hostname="DESKTOP-9BJ4JH8" failures="0" tests="5" name="UtilitiesExcelReader.LoginData" time="0.003" errors="0" timestamp="2023-11-19T12:36:47 NZDT" skipped="0">
  <testcase classname="UtilitiesExcelReader.LoginData" name="testReadExcelData" time="0.000"/>
  <system-out/>
  <testcase classname="UtilitiesExcelReader.LoginData" name="testReadExcelData" time="0.003"/>
  <system-out/>
  <testcase classname="UtilitiesExcelReader.LoginData" name="testReadExcelData" time="0.000"/>
  <system-out/>
  <testcase classname="UtilitiesExcelReader.LoginData" name="testReadExcelData" time="0.000"/>
  <system-out/>
  <testcase classname="UtilitiesExcelReader.LoginData" name="testReadExcelData" time="0.000"/>
  <system-out/>
</testsuite> <!-- UtilitiesExcelReader.LoginData -->
