<?xml version="1.0" encoding="UTF-8"?>
<!-- Generated by org.testng.reporters.JUnitReportReporter -->
<testsuite hostname="DESKTOP-9BJ4JH8" failures="0" tests="1" name="com.flyaway.runner.CucumberRunnerTests" time="31.642" errors="0" timestamp="2024-03-25T09:11:47 NZDT" skipped="0">
  <testcase classname="com.flyaway.runner.CucumberRunnerTests" name="runScenario" time="31.642"/>
</testsuite> <!-- com.flyaway.runner.CucumberRunnerTests -->
