<?xml version="1.0" encoding="UTF-8"?>
<!-- Generated by org.testng.reporters.JUnitReportReporter -->
<testsuite hostname="DESKTOP-9BJ4JH8" failures="0" tests="1" name="com.swiggy.runner.CucumberRunnerTests" time="64.212" errors="0" timestamp="2023-12-05T22:25:12 NZDT" skipped="0">
  <testcase classname="com.swiggy.runner.CucumberRunnerTests" name="runScenario" time="64.212"/>
</testsuite> <!-- com.swiggy.runner.CucumberRunnerTests -->
