<?xml version="1.0" encoding="UTF-8"?>
<!-- Generated by org.testng.reporters.JUnitReportReporter -->
<testsuite hostname="DESKTOP-9BJ4JH8" failures="0" tests="1" name="com.swiggy.runner.CucumberRunnerTests" time="10.633" errors="0" timestamp="2023-11-16T22:54:45 NZDT" skipped="0">
  <testcase classname="com.swiggy.runner.CucumberRunnerTests" name="runScenario" time="10.633"/>
  <system-out/>
</testsuite> <!-- com.swiggy.runner.CucumberRunnerTests -->
